
TKPROF: Release 12.1.0.1.0 - Development on Fri Nov 13 07:47:31 2015

Copyright (c) 1982, 2013, Oracle and/or its affiliates.  All rights reserved.

Trace file: fmd_ora_4821.trc
Sort options: default

********************************************************************************
count    = number of times OCI procedure was executed
cpu      = cpu time in seconds executing 
elapsed  = elapsed time in seconds executing
disk     = number of physical reads of buffers from disk
query    = number of buffers gotten for consistent read
current  = number of buffers gotten in current mode (usually for update)
rows     = number of rows processed by the fetch or execute call
********************************************************************************

SQL ID: df6u3x2v6abn9 Plan Hash: 3008180766

select distinct object_type 
from
 tt where object_name like 'SY%'


call     count       cpu    elapsed       disk      query    current        rows
------- ------  -------- ---------- ---------- ---------- ----------  ----------
Parse        1      0.00       0.00          0          0          0           0
Execute      1      0.00       0.00          0          0          0           0
Fetch        2      0.01       0.01          0        287          0          15
------- ------  -------- ---------- ---------- ---------- ----------  ----------
total        4      0.01       0.02          0        287          0          15

Misses in library cache during parse: 1
Optimizer mode: ALL_ROWS
Parsing user id: 67  
Number of plan statistics captured: 1

Rows (1st) Rows (avg) Rows (max)  Row Source Operation
---------- ---------- ----------  ---------------------------------------------------
        15         15         15  HASH UNIQUE (cr=287 pr=0 pw=0 time=15558 us cost=82 size=1080 card=40)
      1812       1812       1812   TABLE ACCESS FULL TT (cr=287 pr=0 pw=0 time=6401 us cost=82 size=47871 card=1773)


Elapsed times include waiting on following events:
  Event waited on                             Times   Max. Wait  Total Waited
  ----------------------------------------   Waited  ----------  ------------
  SQL*Net message to client                       2        0.00          0.00
  SQL*Net message from client                     2        1.29          1.29



********************************************************************************

OVERALL TOTALS FOR ALL NON-RECURSIVE STATEMENTS

call     count       cpu    elapsed       disk      query    current        rows
------- ------  -------- ---------- ---------- ---------- ----------  ----------
Parse        1      0.00       0.00          0          0          0           0
Execute      1      0.00       0.00          0          0          0           0
Fetch        2      0.01       0.01          0        287          0          15
------- ------  -------- ---------- ---------- ---------- ----------  ----------
total        4      0.01       0.02          0        287          0          15

Misses in library cache during parse: 1

Elapsed times include waiting on following events:
  Event waited on                             Times   Max. Wait  Total Waited
  ----------------------------------------   Waited  ----------  ------------
  SQL*Net message to client                       2        0.00          0.00
  SQL*Net message from client                     2        1.29          1.29


OVERALL TOTALS FOR ALL RECURSIVE STATEMENTS

call     count       cpu    elapsed       disk      query    current        rows
------- ------  -------- ---------- ---------- ---------- ----------  ----------
Parse        0      0.00       0.00          0          0          0           0
Execute      0      0.00       0.00          0          0          0           0
Fetch        0      0.00       0.00          0          0          0           0
------- ------  -------- ---------- ---------- ---------- ----------  ----------
total        0      0.00       0.00          0          0          0           0

Misses in library cache during parse: 0

    1  user  SQL statements in session.
    0  internal SQL statements in session.
    1  SQL statements in session.
********************************************************************************
Trace file: fmd_ora_4821.trc
Trace file compatibility: 11.1.0.7
Sort options: default

       1  session in tracefile.
       1  user  SQL statements in trace file.
       0  internal SQL statements in trace file.
       1  SQL statements in trace file.
       1  unique SQL statements in trace file.
      41  lines in trace file.
       1  elapsed seconds in trace file.


