
TKPROF: Release 12.1.0.1.0 - Development on Thu Nov 19 08:42:34 2015

Copyright (c) 1982, 2013, Oracle and/or its affiliates.  All rights reserved.

Trace file: s4_10046_trace.trc.full
Sort options: default

********************************************************************************
count    = number of times OCI procedure was executed
cpu      = cpu time in seconds executing 
elapsed  = elapsed time in seconds executing
disk     = number of physical reads of buffers from disk
query    = number of buffers gotten for consistent read
current  = number of buffers gotten in current mode (usually for update)
rows     = number of rows processed by the fetch or execute call
********************************************************************************

SQL ID: f2n5bn906vb01 Plan Hash: 0

BEGIN :s_object_name := 'DBMS_TRACE_LIB'; END;


call     count       cpu    elapsed       disk      query    current        rows
------- ------  -------- ---------- ---------- ---------- ----------  ----------
Parse        1      0.00       0.00          0          0          0           0
Execute      1      0.00       0.00          0          0          0           1
Fetch        0      0.00       0.00          0          0          0           0
------- ------  -------- ---------- ---------- ---------- ----------  ----------
total        2      0.00       0.00          0          0          0           1

Misses in library cache during parse: 1
Misses in library cache during execute: 1
Optimizer mode: ALL_ROWS
Parsing user id: 67  

Elapsed times include waiting on following events:
  Event waited on                             Times   Max. Wait  Total Waited
  ----------------------------------------   Waited  ----------  ------------
  SQL*Net message to client                       1        0.00          0.00
  SQL*Net message from client                     1        0.00          0.00
********************************************************************************

select	object_id, owner, object_name, object_type
from	tt
where	object_name = :s_object_name

call     count       cpu    elapsed       disk      query    current        rows
------- ------  -------- ---------- ---------- ---------- ----------  ----------
Parse        1      0.00       0.00          0          0          0           0
Execute      1      0.01       0.01          0          0          0           0
Fetch        2      0.00       0.02          3          4          0           1
------- ------  -------- ---------- ---------- ---------- ----------  ----------
total        4      0.01       0.04          3          4          0           1

Misses in library cache during parse: 1
Misses in library cache during execute: 1
Optimizer mode: ALL_ROWS
Parsing user id: 67  
Number of plan statistics captured: 1

Rows (1st) Rows (avg) Rows (max)  Row Source Operation
---------- ---------- ----------  ---------------------------------------------------
         1          1          1  TABLE ACCESS BY INDEX ROWID BATCHED TT (cr=4 pr=3 pw=0 time=28836 us cost=2 size=37 card=1)
         1          1          1   INDEX RANGE SCAN TT_IE1 (cr=3 pr=2 pw=0 time=16337 us cost=1 size=0 card=1)(object id 20679)


Elapsed times include waiting on following events:
  Event waited on                             Times   Max. Wait  Total Waited
  ----------------------------------------   Waited  ----------  ------------
  SQL*Net message to client                       2        0.00          0.00
  Disk file operations I/O                        1        0.00          0.00
  KSV master wait                                 1        0.00          0.00
  ASM file metadata operation                     1        0.00          0.00
  db file sequential read                         3        0.01          0.02
  SQL*Net message from client                     2        6.31          6.31
********************************************************************************

SQL ID: 1p5grz1gs7fjq Plan Hash: 813480514

select obj#,type#,ctime,mtime,stime, status, dataobj#, flags, oid$, spare1, 
  spare2, spare3, signature, spare7, spare8, spare9 
from
 obj$ where owner#=:1 and name=:2 and namespace=:3 and remoteowner is null 
  and linkname is null and subname is null


call     count       cpu    elapsed       disk      query    current        rows
------- ------  -------- ---------- ---------- ---------- ----------  ----------
Parse        0      0.00       0.00          0          0          0           0
Execute      4      0.00       0.00          0          0          0           0
Fetch        4      0.00       0.00          0         12          0           4
------- ------  -------- ---------- ---------- ---------- ----------  ----------
total        8      0.00       0.00          0         12          0           4

Misses in library cache during parse: 0
Optimizer mode: CHOOSE
Parsing user id: SYS   (recursive depth: 1)
********************************************************************************

SQL ID: 7fwum1yuknrsh Plan Hash: 1274438249

select t.ts#,t.file#,t.block#,nvl(t.bobj#,0),nvl(t.tab#,0),t.intcols,
  nvl(t.clucols,0),t.flags,t.pctfree$,t.pctused$,t.initrans,t.maxtrans,
  t.rowcnt,t.blkcnt,t.empcnt,t.avgspc,t.chncnt,t.avgrln,t.analyzetime,
  t.samplesize,t.cols,t.property,nvl(t.degree,1),nvl(t.instances,1),
  t.avgspc_flb,t.flbcnt,t.kernelcols,nvl(t.trigflag, 0),nvl(t.spare1,0),
  nvl(t.spare2,0),t.spare4,t.spare6,ts.cachedblk,ts.cachehit,ts.logicalread 
from
 tab$ t, tab_stats$ ts where t.obj#= :1 and t.obj# = ts.obj# (+)


call     count       cpu    elapsed       disk      query    current        rows
------- ------  -------- ---------- ---------- ---------- ----------  ----------
Parse        0      0.00       0.00          0          0          0           0
Execute      1      0.00       0.00          0          0          0           0
Fetch        1      0.00       0.00          0          5          0           1
------- ------  -------- ---------- ---------- ---------- ----------  ----------
total        2      0.00       0.00          0          5          0           1

Misses in library cache during parse: 0
Optimizer mode: CHOOSE
Parsing user id: SYS   (recursive depth: 1)
********************************************************************************

SQL ID: gd28w82ct6rva Plan Hash: 2970138452

select audit$ 
from
 tab$ where obj# = :1


call     count       cpu    elapsed       disk      query    current        rows
------- ------  -------- ---------- ---------- ---------- ----------  ----------
Parse        0      0.00       0.00          0          0          0           0
Execute      1      0.00       0.00          0          0          0           0
Fetch        1      0.00       0.00          0          3          0           1
------- ------  -------- ---------- ---------- ---------- ----------  ----------
total        2      0.00       0.00          0          3          0           1

Misses in library cache during parse: 0
Optimizer mode: CHOOSE
Parsing user id: SYS   (recursive depth: 1)
********************************************************************************

SQL ID: 04kug40zbu4dm Plan Hash: 4006480256

select policy#, action# 
from
 aud_object_opt$ where object# = :1 and type = 2


call     count       cpu    elapsed       disk      query    current        rows
------- ------  -------- ---------- ---------- ---------- ----------  ----------
Parse        1      0.00       0.00          0          0          0           0
Execute      1      0.00       0.00          0          0          0           0
Fetch        1      0.00       0.00          0          3          0           0
------- ------  -------- ---------- ---------- ---------- ----------  ----------
total        3      0.00       0.00          0          3          0           0

Misses in library cache during parse: 1
Misses in library cache during execute: 1
Optimizer mode: CHOOSE
Parsing user id: SYS   (recursive depth: 1)
Number of plan statistics captured: 1

Rows (1st) Rows (avg) Rows (max)  Row Source Operation
---------- ---------- ----------  ---------------------------------------------------
         0          0          0  TABLE ACCESS FULL AUD_OBJECT_OPT$ (cr=3 pr=0 pw=0 time=54 us cost=2 size=91 card=1)

********************************************************************************

SQL ID: 616m6uhpa2usu Plan Hash: 2542797530

select i.obj#,i.ts#,i.file#,i.block#,i.intcols,i.type#,i.flags,i.property,
  i.pctfree$,i.initrans,i.maxtrans,i.blevel,i.leafcnt,i.distkey,i.lblkkey,
  i.dblkkey,i.clufac,i.cols,i.analyzetime,i.samplesize,i.dataobj#,
  nvl(i.degree,1),nvl(i.instances,1),i.rowcnt,mod(i.pctthres$,256),
  i.indmethod#,i.trunccnt,nvl(c.unicols,0),nvl(c.deferrable#+c.valid#,0),
  nvl(i.spare1,i.intcols),i.spare4,i.spare2,i.spare6,decode(i.pctthres$,null,
  null,mod(trunc(i.pctthres$/256),256)),nvl(i.evaledition#,1),
  nvl(i.unusablebefore#,0),nvl(i.unusablebeginning#,0), ist.cachedblk,
  ist.cachehit,ist.logicalread 
from
 ind$ i, ind_stats$ ist, (select enabled, min(cols) unicols,
  min(to_number(bitand(defer,1))) deferrable#,min(to_number(bitand(defer,4))) 
  valid# from cdef$ where obj#=:1 and enabled > 1 group by enabled) c where 
  i.obj#=c.enabled(+) and i.obj# = ist.obj#(+) and i.bo#=:1 order by i.obj#


call     count       cpu    elapsed       disk      query    current        rows
------- ------  -------- ---------- ---------- ---------- ----------  ----------
Parse        0      0.00       0.00          0          0          0           0
Execute      1      0.00       0.00          0          0          0           0
Fetch        4      0.00       0.00          0          6          0           3
------- ------  -------- ---------- ---------- ---------- ----------  ----------
total        5      0.00       0.00          0          6          0           3

Misses in library cache during parse: 0
Optimizer mode: CHOOSE
Parsing user id: SYS   (recursive depth: 1)
********************************************************************************

SQL ID: 5n1fs4m2n2y0r Plan Hash: 452367486

select pos#,intcol#,col#,spare1,bo#,spare2,spare3 
from
 icol$ where obj#=:1


call     count       cpu    elapsed       disk      query    current        rows
------- ------  -------- ---------- ---------- ---------- ----------  ----------
Parse        0      0.00       0.00          0          0          0           0
Execute      3      0.00       0.00          0          0          0           0
Fetch        7      0.00       0.00          0         13          0           4
------- ------  -------- ---------- ---------- ---------- ----------  ----------
total       10      0.00       0.00          0         13          0           4

Misses in library cache during parse: 0
Optimizer mode: CHOOSE
Parsing user id: SYS   (recursive depth: 1)
********************************************************************************

SQL ID: 14d7z6mh1sxuz Plan Hash: 3765558045

select name,intcol#,segcol#,type#,length,nvl(precision#,0),decode(type#,2,
  nvl(scale,-127/*MAXSB1MINAL*/),178,scale,179,scale,180,scale,181,scale,182,
  scale,183,scale,231,scale,0),null$,fixedstorage,nvl(deflength,0),default$,
  rowid,col#,property, nvl(charsetid,0),nvl(charsetform,0),spare1,spare2,
  nvl(spare3,0), nvl(evaledition#,1),nvl(unusablebefore#,0),
  nvl(unusablebeginning#,0) 
from
 col$ where obj#=:1 order by intcol#


call     count       cpu    elapsed       disk      query    current        rows
------- ------  -------- ---------- ---------- ---------- ----------  ----------
Parse        0      0.00       0.00          0          0          0           0
Execute      1      0.00       0.00          0          0          0           0
Fetch       19      0.00       0.00          0          3          0          18
------- ------  -------- ---------- ---------- ---------- ----------  ----------
total       20      0.00       0.00          0          3          0          18

Misses in library cache during parse: 0
Optimizer mode: CHOOSE
Parsing user id: SYS   (recursive depth: 1)
********************************************************************************

SQL ID: 9tgj4g8y4rwy8 Plan Hash: 3755742892

select type#,blocks,extents,minexts,maxexts,extsize,extpct,user#,iniexts,
  NVL(lists,65535),NVL(groups,65535),cachehint,hwmincr, NVL(spare1,0),
  NVL(scanhint,0),NVL(bitmapranges,0) 
from
 seg$ where ts#=:1 and file#=:2 and block#=:3


call     count       cpu    elapsed       disk      query    current        rows
------- ------  -------- ---------- ---------- ---------- ----------  ----------
Parse        0      0.00       0.00          0          0          0           0
Execute      4      0.00       0.00          0          0          0           0
Fetch        4      0.00       0.00          0         12          0           4
------- ------  -------- ---------- ---------- ---------- ----------  ----------
total        8      0.00       0.00          0         12          0           4

Misses in library cache during parse: 0
Optimizer mode: CHOOSE
Parsing user id: SYS   (recursive depth: 1)
********************************************************************************

SQL ID: 87gaftwrm2h68 Plan Hash: 1072382624

select o.owner#,o.name,o.namespace,o.remoteowner,o.linkname,o.subname 
from
 obj$ o where o.obj#=:1


call     count       cpu    elapsed       disk      query    current        rows
------- ------  -------- ---------- ---------- ---------- ----------  ----------
Parse        0      0.00       0.00          0          0          0           0
Execute      3      0.00       0.00          0          0          0           0
Fetch        3      0.00       0.00          0          9          0           3
------- ------  -------- ---------- ---------- ---------- ----------  ----------
total        6      0.00       0.00          0          9          0           3

Misses in library cache during parse: 0
Optimizer mode: CHOOSE
Parsing user id: SYS   (recursive depth: 1)
********************************************************************************

SQL ID: ct2g3h4c98fp4 Plan Hash: 2968095032

select col#, grantee#, privilege#,max(mod(nvl(option$,0),2)), 
  min(bitand(nvl(option$,0), 4) /4), max(bitand(nvl(option$,0), 8) /8), 
  max(bitand(nvl(option$,0), 16) /16) 
from
 objauth$ where obj#=:1 and col# is not null group by privilege#, col#, 
  grantee# order by col#, grantee#


call     count       cpu    elapsed       disk      query    current        rows
------- ------  -------- ---------- ---------- ---------- ----------  ----------
Parse        0      0.00       0.00          0          0          0           0
Execute      1      0.00       0.00          0          0          0           0
Fetch        1      0.00       0.00          0          2          0           0
------- ------  -------- ---------- ---------- ---------- ----------  ----------
total        2      0.00       0.00          0          2          0           0

Misses in library cache during parse: 0
Optimizer mode: CHOOSE
Parsing user id: SYS   (recursive depth: 1)
********************************************************************************

SQL ID: 8uh6xphq54kh0 Plan Hash: 2968095032

select grantee#,privilege#,nvl(col#,0),max(mod(nvl(option$,0),2)),
  min(bitand(nvl(option$,0), 4) /4), max(bitand(nvl(option$,0), 8) /8), 
  max(bitand(nvl(option$,0), 16) /16) 
from
 objauth$ where obj#=:1 group by grantee#,privilege#,nvl(col#,0) order by 
  grantee#


call     count       cpu    elapsed       disk      query    current        rows
------- ------  -------- ---------- ---------- ---------- ----------  ----------
Parse        0      0.00       0.00          0          0          0           0
Execute      1      0.00       0.00          0          0          0           0
Fetch        1      0.00       0.00          0          2          0           0
------- ------  -------- ---------- ---------- ---------- ----------  ----------
total        2      0.00       0.00          0          2          0           0

Misses in library cache during parse: 0
Optimizer mode: CHOOSE
Parsing user id: SYS   (recursive depth: 1)
********************************************************************************

SQL ID: cn6hhn36a4rrs Plan Hash: 3845132125

select con#,obj#,rcon#,enabled,nvl(defer,0),spare2,spare3,refact 
from
 cdef$ where robj#=:1


call     count       cpu    elapsed       disk      query    current        rows
------- ------  -------- ---------- ---------- ---------- ----------  ----------
Parse        0      0.00       0.00          0          0          0           0
Execute      1      0.00       0.00          0          0          0           0
Fetch        1      0.00       0.00          0          1          0           0
------- ------  -------- ---------- ---------- ---------- ----------  ----------
total        2      0.00       0.00          0          1          0           0

Misses in library cache during parse: 0
Optimizer mode: CHOOSE
Parsing user id: SYS   (recursive depth: 1)
********************************************************************************

SQL ID: gx4mv66pvj3xz Plan Hash: 2570921597

select con#,type#,condlength,intcols,robj#,rcon#,match#,refact,nvl(enabled,0),
  rowid,cols,nvl(defer,0),mtime,nvl(spare1,0),spare2,spare3 
from
 cdef$ where obj#=:1


call     count       cpu    elapsed       disk      query    current        rows
------- ------  -------- ---------- ---------- ---------- ----------  ----------
Parse        0      0.00       0.00          0          0          0           0
Execute      1      0.00       0.00          0          0          0           0
Fetch        1      0.00       0.00          0          2          0           0
------- ------  -------- ---------- ---------- ---------- ----------  ----------
total        2      0.00       0.00          0          2          0           0

Misses in library cache during parse: 0
Optimizer mode: CHOOSE
Parsing user id: SYS   (recursive depth: 1)
********************************************************************************

SQL ID: 9y2w9gsfvzh4x Plan Hash: 3646447030

select dir_cnt 
from
 opt_directive_own$ where dir_own# = :1


call     count       cpu    elapsed       disk      query    current        rows
------- ------  -------- ---------- ---------- ---------- ----------  ----------
Parse        0      0.00       0.00          0          0          0           0
Execute      1      0.00       0.00          0          0          0           0
Fetch        1      0.00       0.00          0          2          0           1
------- ------  -------- ---------- ---------- ---------- ----------  ----------
total        2      0.00       0.00          0          2          0           1

Misses in library cache during parse: 0
Optimizer mode: CHOOSE
Parsing user id: SYS   (recursive depth: 1)
********************************************************************************

SQL ID: 7hcrv5v6hn6s1 Plan Hash: 2544558965

select dir_id, f_id, type, state, flags, created, last_modified, last_used 
from
 opt_directive$ where dir_own# = :1


call     count       cpu    elapsed       disk      query    current        rows
------- ------  -------- ---------- ---------- ---------- ----------  ----------
Parse        1      0.00       0.00          0          0          0           0
Execute      1      0.00       0.00          0          0          0           0
Fetch        5      0.00       0.00          0          9          0           4
------- ------  -------- ---------- ---------- ---------- ----------  ----------
total        7      0.00       0.00          0          9          0           4

Misses in library cache during parse: 1
Misses in library cache during execute: 1
Optimizer mode: CHOOSE
Parsing user id: SYS   (recursive depth: 1)
Number of plan statistics captured: 1

Rows (1st) Rows (avg) Rows (max)  Row Source Operation
---------- ---------- ----------  ---------------------------------------------------
         4          4          4  TABLE ACCESS BY INDEX ROWID BATCHED OPT_DIRECTIVE$ (cr=9 pr=0 pw=0 time=40 us cost=3 size=195 card=3)
         4          4          4   INDEX RANGE SCAN I_OPT_DIRECTIVE_OWN#_ID (cr=5 pr=0 pw=0 time=37 us cost=1 size=0 card=3)(object id 608)

********************************************************************************

SQL ID: c7pd2v91f7h1x Plan Hash: 2762236736

select f_own#, type, reason, ctime, tab_cnt 
from
 opt_finding$ where f_id = :1


call     count       cpu    elapsed       disk      query    current        rows
------- ------  -------- ---------- ---------- ---------- ----------  ----------
Parse        1      0.00       0.00          0          0          0           0
Execute      4      0.00       0.00          0          0          0           0
Fetch        4      0.00       0.00          0          8          0           4
------- ------  -------- ---------- ---------- ---------- ----------  ----------
total        9      0.00       0.00          0          8          0           4

Misses in library cache during parse: 1
Misses in library cache during execute: 1
Optimizer mode: CHOOSE
Parsing user id: SYS   (recursive depth: 1)
Number of plan statistics captured: 1

Rows (1st) Rows (avg) Rows (max)  Row Source Operation
---------- ---------- ----------  ---------------------------------------------------
         1          1          1  TABLE ACCESS BY INDEX ROWID OPT_FINDING$ (cr=2 pr=0 pw=0 time=36 us cost=1 size=41 card=1)
         1          1          1   INDEX UNIQUE SCAN I_OPT_FINDING_F_ID (cr=1 pr=0 pw=0 time=21 us cost=0 size=0 card=1)(object id 600)

********************************************************************************

SQL ID: gd90ygn1j4026 Plan Hash: 1120054736

select f_obj#, obj_type, col_list, cvec_size, flags 
from
 opt_finding_obj$ where f_id = :1


call     count       cpu    elapsed       disk      query    current        rows
------- ------  -------- ---------- ---------- ---------- ----------  ----------
Parse        1      0.00       0.00          0          0          0           0
Execute      4      0.00       0.00          0          0          0           0
Fetch        8      0.00       0.00          0         16          0           4
------- ------  -------- ---------- ---------- ---------- ----------  ----------
total       13      0.00       0.00          0         16          0           4

Misses in library cache during parse: 1
Misses in library cache during execute: 1
Optimizer mode: CHOOSE
Parsing user id: SYS   (recursive depth: 1)
Number of plan statistics captured: 1

Rows (1st) Rows (avg) Rows (max)  Row Source Operation
---------- ---------- ----------  ---------------------------------------------------
         1          1          1  TABLE ACCESS BY INDEX ROWID BATCHED OPT_FINDING_OBJ$ (cr=4 pr=0 pw=0 time=69 us cost=3 size=96 card=4)
         1          1          1   INDEX RANGE SCAN I_OPT_FINDING_OBJ_ID_OBJ_TYPE (cr=3 pr=0 pw=0 time=60 us cost=2 size=0 card=4)(object id 602)

********************************************************************************

SQL ID: 96g93hntrzjtr Plan Hash: 2239883476

select /*+ rule */ bucket_cnt, row_cnt, cache_cnt, null_cnt, timestamp#, 
  sample_size, minimum, maximum, distcnt, lowval, hival, density, col#, 
  spare1, spare2, avgcln 
from
 hist_head$ where obj#=:1 and intcol#=:2


call     count       cpu    elapsed       disk      query    current        rows
------- ------  -------- ---------- ---------- ---------- ----------  ----------
Parse        0      0.00       0.00          0          0          0           0
Execute      4      0.00       0.00          0          0          0           0
Fetch        4      0.00       0.00          0         12          0           4
------- ------  -------- ---------- ---------- ---------- ----------  ----------
total        8      0.00       0.00          0         12          0           4

Misses in library cache during parse: 0
Optimizer mode: RULE
Parsing user id: SYS   (recursive depth: 1)
********************************************************************************

SQL ID: 7u49y06aqxg1s Plan Hash: 3312420081

select /*+ rule */ bucket, endpoint, col#, epvalue, epvalue_raw, 
  ep_repeat_count 
from
 histgrm$ where obj#=:1 and intcol#=:2 and row#=:3 order by bucket


call     count       cpu    elapsed       disk      query    current        rows
------- ------  -------- ---------- ---------- ---------- ----------  ----------
Parse        0      0.00       0.00          0          0          0           0
Execute     14      0.00       0.00          0          0          0           0
Fetch       14      0.00       0.03          3         55          0         266
------- ------  -------- ---------- ---------- ---------- ----------  ----------
total       28      0.00       0.04          3         55          0         266

Misses in library cache during parse: 0
Optimizer mode: RULE
Parsing user id: SYS   (recursive depth: 1)

Elapsed times include waiting on following events:
  Event waited on                             Times   Max. Wait  Total Waited
  ----------------------------------------   Waited  ----------  ------------
  db file sequential read                         3        0.02          0.03



********************************************************************************

OVERALL TOTALS FOR ALL NON-RECURSIVE STATEMENTS

call     count       cpu    elapsed       disk      query    current        rows
------- ------  -------- ---------- ---------- ---------- ----------  ----------
Parse        2      0.00       0.00          0          0          0           0
Execute      2      0.01       0.01          0          0          0           1
Fetch        2      0.00       0.02          3          4          0           1
------- ------  -------- ---------- ---------- ---------- ----------  ----------
total        6      0.01       0.04          3          4          0           2

Misses in library cache during parse: 2
Misses in library cache during execute: 2

Elapsed times include waiting on following events:
  Event waited on                             Times   Max. Wait  Total Waited
  ----------------------------------------   Waited  ----------  ------------
  SQL*Net message to client                       3        0.00          0.00
  SQL*Net message from client                     3        6.31          6.31
  db file sequential read                         3        0.01          0.02
  Disk file operations I/O                        1        0.00          0.00
  KSV master wait                                 1        0.00          0.00
  ASM file metadata operation                     1        0.00          0.00


OVERALL TOTALS FOR ALL RECURSIVE STATEMENTS

call     count       cpu    elapsed       disk      query    current        rows
------- ------  -------- ---------- ---------- ---------- ----------  ----------
Parse        4      0.00       0.00          0          0          0           0
Execute     51      0.01       0.01          0          0          0           0
Fetch       84      0.00       0.04          3        175          0         321
------- ------  -------- ---------- ---------- ---------- ----------  ----------
total      139      0.02       0.06          3        175          0         321

Misses in library cache during parse: 4
Misses in library cache during execute: 4

Elapsed times include waiting on following events:
  Event waited on                             Times   Max. Wait  Total Waited
  ----------------------------------------   Waited  ----------  ------------
  db file sequential read                         3        0.02          0.03

    2  user  SQL statements in session.
   19  internal SQL statements in session.
   21  SQL statements in session.
********************************************************************************
Trace file: s4_10046_trace.trc.full
Trace file compatibility: 11.1.0.7
Sort options: default

       1  session in tracefile.
       2  user  SQL statements in trace file.
      19  internal SQL statements in trace file.
      21  SQL statements in trace file.
      21  unique SQL statements in trace file.
     895  lines in trace file.
       6  elapsed seconds in trace file.


