     0.000000 read(0, "@s4\n", 1024)    = 4
     3.009432 stat("s4.sql", {st_mode=S_IFREG|0777, st_size=319, ...}) = 0
     0.001715 access("s4.sql", F_OK)    = 0
     0.001082 statfs("s4.sql", {f_type="NFS_SUPER_MAGIC", f_bsize=4096, f_blocks=121968383, f_bfree=2090876, f_bavail=2090876, f_files=1000, f_ffree=1000, f_fsid={0, 0}, f_namelen=255, f_frsize=4096}) = 0
     0.001479 open("s4.sql", O_RDONLY)  = 14
     0.001481 read(14, "--alter session set events '1005"..., 57344) = 319
     0.001365 write(11, "\0\0\1\215\6\0\0\0\0\0\21i!\376\377\377\377\377\377\377\377\1\0\0\0\0\0\0\0\4\0\0"..., 397) = 397
     0.001348 read(12, "\0\0\1\2\6\0\0\0\0\0\v\1\5\0\1\0\0\0\0\0\1\0\0\0\0\0\0\0\0\0\0\0"..., 8208) = 258
     0.000527 write(1, "\n", 1)         = 1
     0.002816 write(1, "PL/SQL procedure successfully co"..., 40) = 40
     0.000704 write(1, "\n", 1)         = 1
     0.000718 write(1, "\n", 1)         = 1
     0.001062 write(11, "\0\0\1\306\6\0\0\0\0\0\21i#\376\377\377\377\377\377\377\377\1\0\0\0\0\0\0\0\1\0\0"..., 454) = 454
     0.001272 read(12, "\0\0\2q\6\0\0\0\0\0\20\27\0\0\0\225\32\3l\5s:\363*\332C/\30\30\364\356x"..., 8208) = 625
     0.000717 write(11, "\0\0\0\25\6\0\0\0\0\0\3\5%\2\0\0\0\17\0\0\0", 21) = 21
     0.001196 read(12, "\0\0\0\264\6\0\0\0\0\0\4\1\0\0\0#\0\1\1\0\0\0{\5\0\0\0\0\2\0\0\0"..., 8208) = 180
     0.000645 write(1, "\n", 1)         = 1
     0.000828 write(1, " OBJECT_ID\n", 11) = 11
     0.000644 write(1, "----------\n", 11) = 11
     0.001426 write(1, "OWNER\n", 6)    = 6
     0.000537 write(1, "--------------------------------"..., 81) = 81
     0.000508 write(1, "OBJECT_NAME\n", 12) = 12
     0.000709 write(1, "--------------------------------"..., 81) = 81
     0.000646 write(1, "OBJECT_TYPE\n", 12) = 12
     0.006729 write(1, "-----------------------\n", 24) = 24
     0.000649 write(1, "     15984\n", 11) = 11
     0.000686 write(1, "SYS\n", 4)      = 4
     0.000660 write(1, "DBMS_TRACE_LIB\n", 15) = 15
     0.001530 write(1, "LIBRARY\n", 8)  = 8
     0.000735 write(1, "\n", 1)         = 1
     0.000694 write(1, "\n", 1)         = 1
     0.000753 read(14, "", 57344)       = 0
     0.000955 close(14)                 = 0
     0.001097 write(1, "SQL> ", 5)      = 5
     0.000960 read(0,  <unfinished ...>
