SQL> /

Tablespace Name      File Name                                                          Bytes (MB)   Free (MB) Pct Free Block Size
-------------------- ----------------------------------------------------------------- ----------- ----------- -------- ----------
DATAPETSTBS1         +DATATAGDB/TAGDBA/DATAFILE/datapetstbs1.627.863013325                   5,120       5,119       99      8,192
DATAQUEUETBS1        +DATATAGDB/TAGDBA/DATAFILE/dataqueuetbs1.307.890800751                 30,721      16,280       52      8,192
DATAQUEUETBS1        +DATATAGDB/TAGDBA/DATAFILE/dataqueuetbs1.340.891005963                 30,721      19,208       62      8,192
DATAQUEUETBS1        +DATATAGDB/TAGDBA/DATAFILE/dataqueuetbs1.342.893155157                 30,721      22,520       73      8,192
DATAQUEUETBS1        +DATATAGDB/TAGDBA/DATAFILE/dataqueuetbs1.346.890559555                 30,721      12,176       39      8,192
DATAQUEUETBS1        +DATATAGDB/TAGDBA/DATAFILE/dataqueuetbs1.348.890307555                 30,721       7,641       24      8,192
DATAQUEUETBS1        +DATATAGDB/TAGDBA/DATAFILE/dataqueuetbs1.350.890069947                 30,721       3,289       10      8,192
DATAQUEUETBS1        +DATATAGDB/TAGDBA/DATAFILE/dataqueuetbs1.351.889875557                 30,721                           8,192
DATAQUEUETBS1        +DATATAGDB/TAGDBA/DATAFILE/dataqueuetbs1.354.889609151                 30,721                           8,192
DATAQUEUETBS1        +DATATAGDB/TAGDBA/DATAFILE/dataqueuetbs1.357.888849541                 30,721                           8,192
DATAQUEUETBS1        +DATATAGDB/TAGDBA/DATAFILE/dataqueuetbs1.524.863006607                 30,720           5        0      8,192
DATAQUEUETBS1        +DATATAGDB/TAGDBA/DATAFILE/dataqueuetbs1.532.863007129                 30,720           1        0      8,192
DATAQUEUETBS1        +DATATAGDB/TAGDBA/DATAFILE/dataqueuetbs1.534.863007259                 30,720           5        0      8,192
DATAQUEUETBS1        +DATATAGDB/TAGDBA/DATAFILE/dataqueuetbs1.535.863007323                 30,720           7        0      8,192
DATAQUEUETBS1        +DATATAGDB/TAGDBA/DATAFILE/dataqueuetbs1.542.863007779                 30,720           2        0      8,192
DATAQUEUETBS1        +DATATAGDB/TAGDBA/DATAFILE/dataqueuetbs1.543.863007845                 30,720           7        0      8,192
DATAQUEUETBS1        +DATATAGDB/TAGDBA/DATAFILE/dataqueuetbs1.544.863007909                 30,720           7        0      8,192
DATAQUEUETBS1        +DATATAGDB/TAGDBA/DATAFILE/dataqueuetbs1.545.863007975                 30,720           3        0      8,192
DATAQUEUETBS1        +DATATAGDB/TAGDBA/DATAFILE/dataqueuetbs1.546.863008041                 30,720           2        0      8,192
DATAQUEUETBS1        +DATATAGDB/TAGDBA/DATAFILE/dataqueuetbs1.547.863008105                 30,720           7        0      8,192
DATAQUEUETBS1        +DATATAGDB/TAGDBA/DATAFILE/dataqueuetbs1.548.863008171                 30,720           7        0      8,192
DATAQUEUETBS1        +DATATAGDB/TAGDBA/DATAFILE/dataqueuetbs1.549.863008235                 30,720           1        0      8,192
DATAQUEUETBS1        +DATATAGDB/TAGDBA/DATAFILE/dataqueuetbs1.550.863008301                 30,720           5        0      8,192
DATATBS1             +DATATAGDB/TAGDBA/DATAFILE/datatbs1.257.897910783                      30,721      18,400       59      8,192
DATATBS1             +DATATAGDB/TAGDBA/DATAFILE/datatbs1.259.898033169                      30,721      22,216       72      8,192
DATATBS1             +DATATAGDB/TAGDBA/DATAFILE/datatbs1.261.898169971                      30,721      26,104       84      8,192
DATATBS1             +DATATAGDB/TAGDBA/DATAFILE/datatbs1.265.898479581                      30,721      30,200       98      8,192
DATATBS1             +DATATAGDB/TAGDBA/DATAFILE/datatbs1.294.896596775                      30,721           3        0      8,192
DATATBS1             +DATATAGDB/TAGDBA/DATAFILE/datatbs1.299.893147959                      30,721          16        0      8,192
DATATBS1             +DATATAGDB/TAGDBA/DATAFILE/datatbs1.305.890757551                      30,721           9        0      8,192
DATATBS1             +DATATAGDB/TAGDBA/DATAFILE/datatbs1.308.897777577                      30,721      14,848       48      8,192
DATATBS1             +DATATAGDB/TAGDBA/DATAFILE/datatbs1.310.863167341                      30,720          55        0      8,192
DATATBS1             +DATATAGDB/TAGDBA/DATAFILE/datatbs1.311.897665969                      30,721      11,637       37      8,192
DATATBS1             +DATATAGDB/TAGDBA/DATAFILE/datatbs1.313.897543581                      30,721       7,565       24      8,192
DATATBS1             +DATATAGDB/TAGDBA/DATAFILE/datatbs1.317.897295171                      30,721       3,873       12      8,192
DATATBS1             +DATATAGDB/TAGDBA/DATAFILE/datatbs1.319.896859565                      30,721          57        0      8,192
DATATBS1             +DATATAGDB/TAGDBA/DATAFILE/datatbs1.320.896420377                      30,721           9        0      8,192
DATATBS1             +DATATAGDB/TAGDBA/DATAFILE/datatbs1.322.896150359                      30,721           3        0      8,192
DATATBS1             +DATATAGDB/TAGDBA/DATAFILE/datatbs1.323.895815567                      30,721           3        0      8,192
DATATBS1             +DATATAGDB/TAGDBA/DATAFILE/datatbs1.324.892823963                      30,721          15        0      8,192
DATATBS1             +DATATAGDB/TAGDBA/DATAFILE/datatbs1.325.895336767                      30,721           9        0      8,192
DATATBS1             +DATATAGDB/TAGDBA/DATAFILE/datatbs1.326.892510755                      30,721          14        0      8,192
DATATBS1             +DATATAGDB/TAGDBA/DATAFILE/datatbs1.327.892186765                      30,721          26        0      8,192
DATATBS1             +DATATAGDB/TAGDBA/DATAFILE/datatbs1.330.891765563                      30,721          18        0      8,192
DATATBS1             +DATATAGDB/TAGDBA/DATAFILE/datatbs1.331.895063169                      30,721           4        0      8,192
DATATBS1             +DATATAGDB/TAGDBA/DATAFILE/datatbs1.333.894793163                      30,721           1        0      8,192
DATATBS1             +DATATAGDB/TAGDBA/DATAFILE/datatbs1.334.891430765                      30,721           9        0      8,192
DATATBS1             +DATATAGDB/TAGDBA/DATAFILE/datatbs1.335.894458369                      30,721          13        0      8,192
DATATBS1             +DATATAGDB/TAGDBA/DATAFILE/datatbs1.336.894123569                      30,721          18        0      8,192
DATATBS1             +DATATAGDB/TAGDBA/DATAFILE/datatbs1.337.891103151                      30,721          16        0      8,192
DATATBS1             +DATATAGDB/TAGDBA/DATAFILE/datatbs1.339.893810369                      30,721          16        0      8,192
DATATBS1             +DATATAGDB/TAGDBA/DATAFILE/datatbs1.341.893482759                      30,721           9        0      8,192
DATATBS1             +DATATAGDB/TAGDBA/DATAFILE/datatbs1.347.890437157                      30,721           9        0      8,192
DATATBS1             +DATATAGDB/TAGDBA/DATAFILE/datatbs1.349.890105949                      30,721          15        0      8,192
DATATBS1             +DATATAGDB/TAGDBA/DATAFILE/datatbs1.352.889771149                      30,721          12        0      8,192
DATATBS1             +DATATAGDB/TAGDBA/DATAFILE/datatbs1.355.889457943                      30,721          40        0      8,192
DATATBS1             +DATATAGDB/TAGDBA/DATAFILE/datatbs1.356.889123151                      30,721          73        0      8,192
DATATBS1             +DATATAGDB/TAGDBA/DATAFILE/datatbs1.358.888777547                      30,721          68        0      8,192
DATATBS1             +DATATAGDB/TAGDBA/DATAFILE/datatbs1.361.888464345                      30,721          52        0      8,192
DATATBS1             +DATATAGDB/TAGDBA/DATAFILE/datatbs1.362.888143939                      30,721          48        0      8,192
DATATBS1             +DATATAGDB/TAGDBA/DATAFILE/datatbs1.363.887794743                      30,721          48        0      8,192
DATATBS1             +DATATAGDB/TAGDBA/DATAFILE/datatbs1.364.887441941                      30,721          68        0      8,192
DATATBS1             +DATATAGDB/TAGDBA/DATAFILE/datatbs1.365.887078331                      30,721          67        0      8,192
DATATBS1             +DATATAGDB/TAGDBA/DATAFILE/datatbs1.366.886743535                      30,721          47        0      8,192
DATATBS1             +DATATAGDB/TAGDBA/DATAFILE/datatbs1.367.886354741                      30,721          31        0      8,192
DATATBS1             +DATATAGDB/TAGDBA/DATAFILE/datatbs1.368.886055945                      30,721          19        0      8,192
DATATBS1             +DATATAGDB/TAGDBA/DATAFILE/datatbs1.369.885587939                      30,721          13        0      8,192
DATATBS1             +DATATAGDB/TAGDBA/DATAFILE/datatbs1.370.885217129                      30,721          13        0      8,192
DATATBS1             +DATATAGDB/TAGDBA/DATAFILE/datatbs1.371.884864333                      30,721          35        0      8,192
DATATBS1             +DATATAGDB/TAGDBA/DATAFILE/datatbs1.372.884536733                      30,721          27        0      8,192
DATATBS1             +DATATAGDB/TAGDBA/DATAFILE/datatbs1.373.884216335                      30,721          22        0      8,192
DATATBS1             +DATATAGDB/TAGDBA/DATAFILE/datatbs1.374.883532337                      30,721          22        0      8,192
DATATBS1             +DATATAGDB/TAGDBA/DATAFILE/datatbs1.375.883186743                      30,721          20        0      8,192
DATATBS1             +DATATAGDB/TAGDBA/DATAFILE/datatbs1.376.882826737                      30,721          21        0      8,192
DATATBS1             +DATATAGDB/TAGDBA/DATAFILE/datatbs1.377.882499135                      30,721          23        0      8,192
DATATBS1             +DATATAGDB/TAGDBA/DATAFILE/datatbs1.378.882139023                      30,721          22        0      8,192
DATATBS1             +DATATAGDB/TAGDBA/DATAFILE/datatbs1.379.881807823                      30,721          10        0      8,192
DATATBS1             +DATATAGDB/TAGDBA/DATAFILE/datatbs1.380.881476623                      30,721          13        0      8,192
DATATBS1             +DATATAGDB/TAGDBA/DATAFILE/datatbs1.381.881134621                      30,721           9        0      8,192
DATATBS1             +DATATAGDB/TAGDBA/DATAFILE/datatbs1.382.880763821                      30,721          15        0      8,192
DATATBS1             +DATATAGDB/TAGDBA/DATAFILE/datatbs1.383.880385823                      30,720          21        0      8,192
DATATBS1             +DATATAGDB/TAGDBA/DATAFILE/datatbs1.384.880033021                      30,720          10        0      8,192
DATATBS1             +DATATAGDB/TAGDBA/DATAFILE/datatbs1.385.879669423                      30,720          14        0      8,192
DATATBS1             +DATATAGDB/TAGDBA/DATAFILE/datatbs1.386.879316621                      30,720          11        0      8,192
DATATBS1             +DATATAGDB/TAGDBA/DATAFILE/datatbs1.387.878942223                      30,720          13        0      8,192
DATATBS1             +DATATAGDB/TAGDBA/DATAFILE/datatbs1.389.878589421                      30,720          23        0      8,192
DATATBS1             +DATATAGDB/TAGDBA/DATAFILE/datatbs1.390.878153823                      30,720          15        0      8,192
DATATBS1             +DATATAGDB/TAGDBA/DATAFILE/datatbs1.391.877783021                      30,720          17        0      8,192
DATATBS1             +DATATAGDB/TAGDBA/DATAFILE/datatbs1.392.877444623                      30,720          24        0      8,192
DATATBS1             +DATATAGDB/TAGDBA/DATAFILE/datatbs1.393.877088221                      30,720          15        0      8,192
DATATBS1             +DATATAGDB/TAGDBA/DATAFILE/datatbs1.394.876731823                      30,720          17        0      8,192
DATATBS1             +DATATAGDB/TAGDBA/DATAFILE/datatbs1.395.876353823                      30,720          11        0      8,192
DATATBS1             +DATATAGDB/TAGDBA/DATAFILE/datatbs1.396.875954223                      30,720          11        0      8,192
DATATBS1             +DATATAGDB/TAGDBA/DATAFILE/datatbs1.397.875594221                      30,720           8        0      8,192
DATATBS1             +DATATAGDB/TAGDBA/DATAFILE/datatbs1.398.875234223                      30,720           8        0      8,192
DATATBS1             +DATATAGDB/TAGDBA/DATAFILE/datatbs1.399.874859821                      30,720          14        0      8,192
DATATBS1             +DATATAGDB/TAGDBA/DATAFILE/datatbs1.400.874481823                      30,720          12        0      8,192
DATATBS1             +DATATAGDB/TAGDBA/DATAFILE/datatbs1.401.874085823                      30,720           4        0      8,192
DATATBS1             +DATATAGDB/TAGDBA/DATAFILE/datatbs1.402.873722223                      30,720           8        0      8,192
DATATBS1             +DATATAGDB/TAGDBA/DATAFILE/datatbs1.404.873380221                      30,720           1        0      8,192
DATATBS1             +DATATAGDB/TAGDBA/DATAFILE/datatbs1.406.870309421                      30,720           3        0      8,192
DATATBS1             +DATATAGDB/TAGDBA/DATAFILE/datatbs1.407.870305823                      30,720           4        0      8,192
DATATBS1             +DATATAGDB/TAGDBA/DATAFILE/datatbs1.408.870302279                      30,720           4        0      8,192
DATATBS1             +DATATAGDB/TAGDBA/DATAFILE/datatbs1.410.869207823                      30,720          20        0      8,192
DATATBS1             +DATATAGDB/TAGDBA/DATAFILE/datatbs1.411.868876621                      30,720          10        0      8,192
DATATBS1             +DATATAGDB/TAGDBA/DATAFILE/datatbs1.422.866209023                      30,720          60        0      8,192
DATATBS1             +DATATAGDB/TAGDBA/DATAFILE/datatbs1.423.865874221                      30,720          57        0      8,192
DATATBS1             +DATATAGDB/TAGDBA/DATAFILE/datatbs1.424.865575421                      30,720          61        0      8,192
DATATBS1             +DATATAGDB/TAGDBA/DATAFILE/datatbs1.438.865247823                      30,720          58        0      8,192
DATATBS1             +DATATAGDB/TAGDBA/DATAFILE/datatbs1.439.864819421                      30,720          54        0      8,192
DATATBS1             +DATATAGDB/TAGDBA/DATAFILE/datatbs1.441.864488221                      30,720          53        0      8,192
DATATBS1             +DATATAGDB/TAGDBA/DATAFILE/datatbs1.442.864167823                      30,720          54        0      8,192
DATATBS1             +DATATAGDB/TAGDBA/DATAFILE/datatbs1.444.863494623                      30,720          56        0      8,192
DATATBS1             +DATATAGDB/TAGDBA/DATAFILE/datatbs1.445.863829421                      30,720          55        0      8,192
DATATBS1             +DATATAGDB/TAGDBA/DATAFILE/datatbs1.446.866543823                      30,720          61        0      8,192
DATATBS1             +DATATAGDB/TAGDBA/DATAFILE/datatbs1.447.866885823                      30,720          59        0      8,192
DATATBS1             +DATATAGDB/TAGDBA/DATAFILE/datatbs1.449.868563423                      30,720          11        0      8,192
DATATBS1             +DATATAGDB/TAGDBA/DATAFILE/datatbs1.450.868253823                      30,720          13        0      8,192
DATATBS1             +DATATAGDB/TAGDBA/DATAFILE/datatbs1.452.867937023                      30,720          12        0      8,192
DATATBS1             +DATATAGDB/TAGDBA/DATAFILE/datatbs1.453.867595023                      30,720          11        0      8,192
DATATBS1             +DATATAGDB/TAGDBA/DATAFILE/datatbs1.454.867249423                      30,720          11        0      8,192
DATATBS1             +DATATAGDB/TAGDBA/DATAFILE/datatbs1.459.863002455                      30,720          29        0      8,192
DATATBS1             +DATATAGDB/TAGDBA/DATAFILE/datatbs1.461.863002545                      30,720          25        0      8,192
DATATBS1             +DATATAGDB/TAGDBA/DATAFILE/datatbs1.462.863002589                      30,720          22        0      8,192
DATATBS1             +DATATAGDB/TAGDBA/DATAFILE/datatbs1.465.863002755                      30,720          15        0      8,192
DATATBS1             +DATATAGDB/TAGDBA/DATAFILE/datatbs1.466.863002821                      30,720          18        0      8,192
DATATBS1             +DATATAGDB/TAGDBA/DATAFILE/datatbs1.467.863002885                      30,720          15        0      8,192
DATATBS1             +DATATAGDB/TAGDBA/DATAFILE/datatbs1.468.863002951                      30,720          17        0      8,192
DATATBS1             +DATATAGDB/TAGDBA/DATAFILE/datatbs1.469.863003015                      30,720          16        0      8,192
DATATBS1             +DATATAGDB/TAGDBA/DATAFILE/datatbs1.470.863003081                      30,720           9        0      8,192
DATATBS1             +DATATAGDB/TAGDBA/DATAFILE/datatbs1.471.863003145                      30,720          13        0      8,192
DATATBS1             +DATATAGDB/TAGDBA/DATAFILE/datatbs1.472.863003211                      30,720          12        0      8,192
DATATBS1             +DATATAGDB/TAGDBA/DATAFILE/datatbs1.473.863003275                      30,720          17        0      8,192
DATATBS1             +DATATAGDB/TAGDBA/DATAFILE/datatbs1.474.863003341                      30,720          13        0      8,192
DATATBS1             +DATATAGDB/TAGDBA/DATAFILE/datatbs1.476.863003471                      30,720          20        0      8,192
DATATBS1             +DATATAGDB/TAGDBA/DATAFILE/datatbs1.477.863003537                      30,720          12        0      8,192
DATATBS1             +DATATAGDB/TAGDBA/DATAFILE/datatbs1.478.863003601                      30,720          16        0      8,192
DATATBS1             +DATATAGDB/TAGDBA/DATAFILE/datatbs1.480.863003731                      30,720          17        0      8,192
DATATBS1             +DATATAGDB/TAGDBA/DATAFILE/datatbs1.482.863003863                      30,720          27        0      8,192
DATATBS1             +DATATAGDB/TAGDBA/DATAFILE/datatbs1.483.863003927                      30,720          23        0      8,192
DATATBS1             +DATATAGDB/TAGDBA/DATAFILE/datatbs1.485.863004057                      30,720          32        0      8,192
DATATBS1             +DATATAGDB/TAGDBA/DATAFILE/datatbs1.486.863004123                      30,720          32        0      8,192
DATATBS1             +DATATAGDB/TAGDBA/DATAFILE/datatbs1.487.863004187                      30,720          23        0      8,192
DATATBS1             +DATATAGDB/TAGDBA/DATAFILE/datatbs1.488.863004253                      30,720          26        0      8,192
DATATBS1             +DATATAGDB/TAGDBA/DATAFILE/datatbs1.489.863004319                      30,720          30        0      8,192
DATATBS1             +DATATAGDB/TAGDBA/DATAFILE/datatbs1.491.863004449                      30,720          25        0      8,192
DATATBS1             +DATATAGDB/TAGDBA/DATAFILE/datatbs1.492.863004513                      30,720          22        0      8,192
DATATBS1             +DATATAGDB/TAGDBA/DATAFILE/datatbs1.493.863004579                      30,720          24        0      8,192
DATATBS1             +DATATAGDB/TAGDBA/DATAFILE/datatbs1.494.863004643                      30,720          31        0      8,192
DATATBS1             +DATATAGDB/TAGDBA/DATAFILE/datatbs1.495.863004709                      30,720          29        0      8,192
DATATBS1             +DATATAGDB/TAGDBA/DATAFILE/datatbs1.497.863004839                      30,720          27        0      8,192
DATATBS1             +DATATAGDB/TAGDBA/DATAFILE/datatbs1.498.863004905                      30,720          21        0      8,192
DATATBS1             +DATATAGDB/TAGDBA/DATAFILE/datatbs1.499.863004969                      30,720          23        0      8,192
DATATBS1             +DATATAGDB/TAGDBA/DATAFILE/datatbs1.500.863005035                      30,720          22        0      8,192
DATATBS1             +DATATAGDB/TAGDBA/DATAFILE/datatbs1.504.863005305                      30,720          24        0      8,192
DATATBS1             +DATATAGDB/TAGDBA/DATAFILE/datatbs1.505.863005371                      30,720          18        0      8,192
DATATBS1             +DATATAGDB/TAGDBA/DATAFILE/datatbs1.523.863006543                      30,720          12        0      8,192
DATATBS1             +DATATAGDB/TAGDBA/DATAFILE/datatbs1.526.863006737                      30,720           4        0      8,192
DATATBS1             +DATATAGDB/TAGDBA/DATAFILE/datatbs1.527.863006803                      30,720          14        0      8,192
DATATBS1             +DATATAGDB/TAGDBA/DATAFILE/datatbs1.552.863008431                      30,720           7        0      8,192
DATATBS1             +DATATAGDB/TAGDBA/DATAFILE/datatbs1.553.863008497                      30,720           6        0      8,192
DATATBS1             +DATATAGDB/TAGDBA/DATAFILE/datatbs1.554.863008561                      30,720           2        0      8,192
DATATBS1             +DATATAGDB/TAGDBA/DATAFILE/datatbs1.555.863008627                      30,720           2        0      8,192
DATATBS1             +DATATAGDB/TAGDBA/DATAFILE/datatbs1.556.863008691                      30,720           5        0      8,192
DATATBS1             +DATATAGDB/TAGDBA/DATAFILE/datatbs1.557.863008757                      30,720           4        0      8,192
DATATBS1             +DATATAGDB/TAGDBA/DATAFILE/datatbs1.558.863008821                      30,720           5        0      8,192
DATATBS1             +DATATAGDB/TAGDBA/DATAFILE/datatbs1.559.863008887                      30,720           6        0      8,192
DATATBS1             +DATATAGDB/TAGDBA/DATAFILE/datatbs1.561.863009017                      30,720           2        0      8,192
DATATBS1             +DATATAGDB/TAGDBA/DATAFILE/datatbs1.562.863009083                      30,720           5        0      8,192
DATATBS1             +DATATAGDB/TAGDBA/DATAFILE/datatbs1.563.863009147                      30,720           5        0      8,192
DATATBS1             +DATATAGDB/TAGDBA/DATAFILE/datatbs1.564.863009213                      30,720           4        0      8,192
DATATBS1             +DATATAGDB/TAGDBA/DATAFILE/datatbs1.565.863009277                      30,720           2        0      8,192
DATATBS1             +DATATAGDB/TAGDBA/DATAFILE/datatbs1.566.863009343                      30,720           2        0      8,192
DATATBS1             +DATATAGDB/TAGDBA/DATAFILE/datatbs1.567.863009407                      30,720           5        0      8,192
DATATBS1             +DATATAGDB/TAGDBA/DATAFILE/datatbs1.568.863009473                      30,720           1        0      8,192
DATATBS1             +DATATAGDB/TAGDBA/DATAFILE/datatbs1.569.863009539                      30,720           3        0      8,192
DATATBS1             +DATATAGDB/TAGDBA/DATAFILE/datatbs1.571.863009669                      30,720           2        0      8,192
DATATBS1             +DATATAGDB/TAGDBA/DATAFILE/datatbs1.572.863009733                      30,720           3        0      8,192
DATATBS1             +DATATAGDB/TAGDBA/DATAFILE/datatbs1.574.863009863                      30,720           1        0      8,192
DATATBS1             +DATATAGDB/TAGDBA/DATAFILE/datatbs1.577.863010059                      30,720           2        0      8,192
DATATBS1             +DATATAGDB/TAGDBA/DATAFILE/datatbs1.578.863010125                      30,720           2        0      8,192
DATATBS1             +DATATAGDB/TAGDBA/DATAFILE/datatbs1.580.863010255                      30,720           4        0      8,192
DATATBS1             +DATATAGDB/TAGDBA/DATAFILE/datatbs1.581.863010319                      30,720           1        0      8,192
DATATBS1             +DATATAGDB/TAGDBA/DATAFILE/datatbs1.583.863010449                      30,720           1        0      8,192
DATATBS1             +DATATAGDB/TAGDBA/DATAFILE/datatbs1.585.863010581                      30,720           1        0      8,192
DATATBS1             +DATATAGDB/TAGDBA/DATAFILE/datatbs1.587.863010711                      30,720           3        0      8,192
DATATBS1             +DATATAGDB/TAGDBA/DATAFILE/datatbs1.588.863010775                      30,720           6        0      8,192
DATATBS1             +DATATAGDB/TAGDBA/DATAFILE/datatbs1.590.863010905                      30,720           2        0      8,192
DATATBS1             +DATATAGDB/TAGDBA/DATAFILE/datatbs1.591.863010971                      30,720           3        0      8,192
DATATBS1             +DATATAGDB/TAGDBA/DATAFILE/datatbs1.593.863011101                      30,720           5        0      8,192
DATATBS1             +DATATAGDB/TAGDBA/DATAFILE/datatbs1.595.863011231                      30,720           1        0      8,192
DATATBS1             +DATATAGDB/TAGDBA/DATAFILE/datatbs1.596.863011297                      30,720           2        0      8,192
DATATBS1             +DATATAGDB/TAGDBA/DATAFILE/datatbs1.598.863011427                      30,720           4        0      8,192
DATATBS1             +DATATAGDB/TAGDBA/DATAFILE/datatbs1.599.863011491                      30,720           3        0      8,192
DATATBS1             +DATATAGDB/TAGDBA/DATAFILE/datatbs1.601.863011623                      30,720           2        0      8,192
DATATBS1             +DATATAGDB/TAGDBA/DATAFILE/datatbs1.603.863011753                      30,720           4        0      8,192
DATATBS1             +DATATAGDB/TAGDBA/DATAFILE/datatbs1.604.863011817                      30,720           2        0      8,192
DATATBS1             +DATATAGDB/TAGDBA/DATAFILE/datatbs1.606.863011947                      30,720           0        0      8,192
DATATBS1             +DATATAGDB/TAGDBA/DATAFILE/datatbs1.607.863012013                      30,720           1        0      8,192
DATATBS1             +DATATAGDB/TAGDBA/DATAFILE/datatbs1.609.863012143                      30,720           1        0      8,192
DATATBS1             +DATATAGDB/TAGDBA/DATAFILE/datatbs1.611.863012273                      30,720          46        0      8,192
DATATBS1             +DATATAGDB/TAGDBA/DATAFILE/datatbs1.612.863012339                      30,720          45        0      8,192
DATATBS1             +DATATAGDB/TAGDBA/DATAFILE/datatbs1.614.863012489                      30,720          46        0      8,192
DATATBS1             +DATATAGDB/TAGDBA/DATAFILE/datatbs1.615.863012555                      30,720          46        0      8,192
DATATBS1             +DATATAGDB/TAGDBA/DATAFILE/datatbs1.617.863012685                      30,720          47        0      8,192
DATATBS1             +DATATAGDB/TAGDBA/DATAFILE/datatbs1.622.863013019                      30,720          46        0      8,192
DATATBS1             +DATATAGDB/TAGDBA/DATAFILE/datatbs1.625.863013225                      30,720          47        0      8,192
INDXQUEUETBS1        +DATATAGDB/TAGDBA/DATAFILE/indxqueuetbs1.332.891635959                 30,721      24,939       81      8,192
INDXQUEUETBS1        +DATATAGDB/TAGDBA/DATAFILE/indxqueuetbs1.359.888698337                 30,721      14,160       46      8,192
INDXQUEUETBS1        +DATATAGDB/TAGDBA/DATAFILE/indxqueuetbs1.388.878639821                 30,720       7,397       24      8,192
INDXQUEUETBS1        +DATATAGDB/TAGDBA/DATAFILE/indxqueuetbs1.525.863006673                 30,720           0        0      8,192
INDXQUEUETBS1        +DATATAGDB/TAGDBA/DATAFILE/indxqueuetbs1.533.863007193                 30,720                           8,192
INDXQUEUETBS1        +DATATAGDB/TAGDBA/DATAFILE/indxqueuetbs1.536.863007389                 30,720                           8,192
INDXQUEUETBS1        +DATATAGDB/TAGDBA/DATAFILE/indxqueuetbs1.541.863007715                 30,720                           8,192
INDXQUEUETBS1        +DATATAGDB/TAGDBA/DATAFILE/indxqueuetbs1.551.863008365                 30,720                           8,192
INDXQUEUETBS1        +DATATAGDB/TAGDBA/DATAFILE/indxqueuetbs1.560.863008953                 30,720                           8,192
INDXTBS1             +DATATAGDB/TAGDBA/DATAFILE/indxtbs1.263.898468787                      30,721      30,495       99      8,192
INDXTBS1             +DATATAGDB/TAGDBA/DATAFILE/indxtbs1.296.893014751                      30,721       9,152       29      8,192
INDXTBS1             +DATATAGDB/TAGDBA/DATAFILE/indxtbs1.315.897385177                      30,721      25,942       84      8,192
INDXTBS1             +DATATAGDB/TAGDBA/DATAFILE/indxtbs1.321.896222365                      30,721      22,350       72      8,192
INDXTBS1             +DATATAGDB/TAGDBA/DATAFILE/indxtbs1.328.895156765                      30,721      18,326       59      8,192
INDXTBS1             +DATATAGDB/TAGDBA/DATAFILE/indxtbs1.329.891945553                      30,721       4,381       14      8,192
INDXTBS1             +DATATAGDB/TAGDBA/DATAFILE/indxtbs1.338.894116365                      30,721      13,414       43      8,192
INDXTBS1             +DATATAGDB/TAGDBA/DATAFILE/indxtbs1.345.890789953                      30,721         169        0      8,192
INDXTBS1             +DATATAGDB/TAGDBA/DATAFILE/indxtbs1.353.889745953                      30,721                           8,192
INDXTBS1             +DATATAGDB/TAGDBA/DATAFILE/indxtbs1.360.888676739                      30,721                           8,192
INDXTBS1             +DATATAGDB/TAGDBA/DATAFILE/indxtbs1.403.873646565                      30,720                           8,192
INDXTBS1             +DATATAGDB/TAGDBA/DATAFILE/indxtbs1.405.872501823                      30,720                           8,192
INDXTBS1             +DATATAGDB/TAGDBA/DATAFILE/indxtbs1.409.870302223                      30,720                           8,192
INDXTBS1             +DATATAGDB/TAGDBA/DATAFILE/indxtbs1.421.866363823                      30,720                           8,192
INDXTBS1             +DATATAGDB/TAGDBA/DATAFILE/indxtbs1.425.865553823                      30,720                           8,192
INDXTBS1             +DATATAGDB/TAGDBA/DATAFILE/indxtbs1.440.864632223                      30,720           1        0      8,192
INDXTBS1             +DATATAGDB/TAGDBA/DATAFILE/indxtbs1.443.863815021                      30,720           1        0      8,192
INDXTBS1             +DATATAGDB/TAGDBA/DATAFILE/indxtbs1.448.868783023                      30,720                           8,192
INDXTBS1             +DATATAGDB/TAGDBA/DATAFILE/indxtbs1.451.868005423                      30,720                           8,192
INDXTBS1             +DATATAGDB/TAGDBA/DATAFILE/indxtbs1.455.867170223                      30,720                           8,192
INDXTBS1             +DATATAGDB/TAGDBA/DATAFILE/indxtbs1.460.863002499                      30,720          13        0      8,192
INDXTBS1             +DATATAGDB/TAGDBA/DATAFILE/indxtbs1.463.863002645                      30,720           7        0      8,192
INDXTBS1             +DATATAGDB/TAGDBA/DATAFILE/indxtbs1.464.863002699                      30,720           3        0      8,192
INDXTBS1             +DATATAGDB/TAGDBA/DATAFILE/indxtbs1.475.863003407                      30,720         155        0      8,192
INDXTBS1             +DATATAGDB/TAGDBA/DATAFILE/indxtbs1.479.863003667                      30,720         167        0      8,192
INDXTBS1             +DATATAGDB/TAGDBA/DATAFILE/indxtbs1.481.863003797                      30,720           8        0      8,192
INDXTBS1             +DATATAGDB/TAGDBA/DATAFILE/indxtbs1.484.863003993                      30,720          17        0      8,192
INDXTBS1             +DATATAGDB/TAGDBA/DATAFILE/indxtbs1.490.863004383                      30,720          16        0      8,192
INDXTBS1             +DATATAGDB/TAGDBA/DATAFILE/indxtbs1.496.863004773                      30,720           9        0      8,192
INDXTBS1             +DATATAGDB/TAGDBA/DATAFILE/indxtbs1.501.863005099                      30,720          22        0      8,192
INDXTBS1             +DATATAGDB/TAGDBA/DATAFILE/indxtbs1.502.863005165                      30,720          21        0      8,192
INDXTBS1             +DATATAGDB/TAGDBA/DATAFILE/indxtbs1.503.863005229                      30,720          19        0      8,192
INDXTBS1             +DATATAGDB/TAGDBA/DATAFILE/indxtbs1.506.863005435                      30,720          17        0      8,192
INDXTBS1             +DATATAGDB/TAGDBA/DATAFILE/indxtbs1.507.863005501                      30,720          17        0      8,192
INDXTBS1             +DATATAGDB/TAGDBA/DATAFILE/indxtbs1.508.863005565                      30,720           2        0      8,192
INDXTBS1             +DATATAGDB/TAGDBA/DATAFILE/indxtbs1.509.863005631                      30,720           9        0      8,192
INDXTBS1             +DATATAGDB/TAGDBA/DATAFILE/indxtbs1.510.863005695                      30,720           9        0      8,192
INDXTBS1             +DATATAGDB/TAGDBA/DATAFILE/indxtbs1.511.863005761                      30,720           9        0      8,192
INDXTBS1             +DATATAGDB/TAGDBA/DATAFILE/indxtbs1.512.863005825                      30,720           9        0      8,192
INDXTBS1             +DATATAGDB/TAGDBA/DATAFILE/indxtbs1.513.863005891                      30,720           9        0      8,192
INDXTBS1             +DATATAGDB/TAGDBA/DATAFILE/indxtbs1.514.863005957                      30,720           0        0      8,192
INDXTBS1             +DATATAGDB/TAGDBA/DATAFILE/indxtbs1.515.863006021                      30,720                           8,192
INDXTBS1             +DATATAGDB/TAGDBA/DATAFILE/indxtbs1.516.863006087                      30,720                           8,192
INDXTBS1             +DATATAGDB/TAGDBA/DATAFILE/indxtbs1.517.863006151                      30,720                           8,192
INDXTBS1             +DATATAGDB/TAGDBA/DATAFILE/indxtbs1.518.863006217                      30,720           1        0      8,192
INDXTBS1             +DATATAGDB/TAGDBA/DATAFILE/indxtbs1.519.863006281                      30,720           2        0      8,192
INDXTBS1             +DATATAGDB/TAGDBA/DATAFILE/indxtbs1.520.863006347                      30,720           1        0      8,192
INDXTBS1             +DATATAGDB/TAGDBA/DATAFILE/indxtbs1.521.863006413                      30,720           1        0      8,192
INDXTBS1             +DATATAGDB/TAGDBA/DATAFILE/indxtbs1.522.863006477                      30,720           8        0      8,192
INDXTBS1             +DATATAGDB/TAGDBA/DATAFILE/indxtbs1.528.863006867                      30,720           9        0      8,192
INDXTBS1             +DATATAGDB/TAGDBA/DATAFILE/indxtbs1.529.863006933                      30,720           8        0      8,192
INDXTBS1             +DATATAGDB/TAGDBA/DATAFILE/indxtbs1.530.863006999                      30,720           8        0      8,192
INDXTBS1             +DATATAGDB/TAGDBA/DATAFILE/indxtbs1.531.863007063                      30,720           8        0      8,192
INDXTBS1             +DATATAGDB/TAGDBA/DATAFILE/indxtbs1.537.863007455                      30,720           8        0      8,192
INDXTBS1             +DATATAGDB/TAGDBA/DATAFILE/indxtbs1.538.863007519                      30,720           8        0      8,192
INDXTBS1             +DATATAGDB/TAGDBA/DATAFILE/indxtbs1.539.863007585                      30,720                           8,192
INDXTBS1             +DATATAGDB/TAGDBA/DATAFILE/indxtbs1.540.863007649                      30,720                           8,192
INDXTBS1             +DATATAGDB/TAGDBA/DATAFILE/indxtbs1.570.863009603                      30,720           1        0      8,192
INDXTBS1             +DATATAGDB/TAGDBA/DATAFILE/indxtbs1.573.863009799                      30,720           1        0      8,192
INDXTBS1             +DATATAGDB/TAGDBA/DATAFILE/indxtbs1.575.863009929                      30,720           1        0      8,192
INDXTBS1             +DATATAGDB/TAGDBA/DATAFILE/indxtbs1.576.863009995                      30,720                           8,192
INDXTBS1             +DATATAGDB/TAGDBA/DATAFILE/indxtbs1.579.863010189                      30,720           1        0      8,192
INDXTBS1             +DATATAGDB/TAGDBA/DATAFILE/indxtbs1.582.863010385                      30,720                           8,192
INDXTBS1             +DATATAGDB/TAGDBA/DATAFILE/indxtbs1.584.863010515                      30,720                           8,192
INDXTBS1             +DATATAGDB/TAGDBA/DATAFILE/indxtbs1.586.863010645                      30,720                           8,192
INDXTBS1             +DATATAGDB/TAGDBA/DATAFILE/indxtbs1.589.863010841                      30,720           1        0      8,192
INDXTBS1             +DATATAGDB/TAGDBA/DATAFILE/indxtbs1.592.863011037                      30,720           0        0      8,192
INDXTBS1             +DATATAGDB/TAGDBA/DATAFILE/indxtbs1.594.863011167                      30,720                           8,192
INDXTBS1             +DATATAGDB/TAGDBA/DATAFILE/indxtbs1.597.863011361                      30,720                           8,192
INDXTBS1             +DATATAGDB/TAGDBA/DATAFILE/indxtbs1.600.863011557                      30,720                           8,192
INDXTBS1             +DATATAGDB/TAGDBA/DATAFILE/indxtbs1.602.863011687                      30,720                           8,192
INDXTBS1             +DATATAGDB/TAGDBA/DATAFILE/indxtbs1.605.863011883                      30,720                           8,192
INDXTBS1             +DATATAGDB/TAGDBA/DATAFILE/indxtbs1.608.863012079                      30,720                           8,192
INDXTBS1             +DATATAGDB/TAGDBA/DATAFILE/indxtbs1.610.863012209                      30,720                           8,192
INDXTBS1             +DATATAGDB/TAGDBA/DATAFILE/indxtbs1.613.863012413                      30,720                           8,192
INDXTBS1             +DATATAGDB/TAGDBA/DATAFILE/indxtbs1.616.863012619                      30,720                           8,192
INDXTBS1             +DATATAGDB/TAGDBA/DATAFILE/indxtbs1.618.863012749                      30,720                           8,192
INDXTBS1             +DATATAGDB/TAGDBA/DATAFILE/indxtbs1.623.863013085                      30,720                           8,192
INDXTBS1             +DATATAGDB/TAGDBA/DATAFILE/indxtbs1.624.863013161                      30,720                           8,192
PERFSTAT             +DATATAGDB/TAGDBA/DATAFILE/perfstat.630.863013351                       1,000         999       99      8,192
SYSAUX               +DATATAGDB/TAGDBA/DATAFILE/sysaux.458.863002399                        32,710      24,262       74      8,192
SYSAUX               +DATATAGDB/TAGDBA/DATAFILE/sysaux.619.863012825                        30,720      23,096       75      8,192
SYSAUX               +DATATAGDB/TAGDBA/DATAFILE/sysaux.620.863012889                        30,720      22,937       74      8,192
SYSAUX               +DATATAGDB/TAGDBA/DATAFILE/sysaux.621.863012955                        30,720      22,918       74      8,192
SYSTEM               +DATATAGDB/TAGDBA/DATAFILE/system.628.863013341                         2,288         903       39      8,192
UNDOTBS1             +DATATAGDB/TAGDBA/DATAFILE/undotbs1.457.863002345                      32,767      25,746       78      8,192
USERS                +DATATAGDB/TAGDBA/DATAFILE/users.626.863013291                         15,360      12,930       84      8,192
USERS                +DATATAGDB/TAGDBA/DATAFILE/users.629.863013347                          1,024           5        0      8,192
TEMP                 +DATATAGDB/TAGDBA/TEMPFILE/temp.631.863015339                          30,720           0        0      8,192

305 rows selected.

SQL> spool off
